<?xml version="1.0" encoding="UTF-8"?>
<coverage generated="1637503050981" clover="3.2.0">
  <project timestamp="1637503050981" name="All files">
    <metrics statements="76" coveredstatements="76" conditionals="52" coveredconditionals="49" methods="10" coveredmethods="10" elements="138" coveredelements="135" complexity="0" loc="76" ncloc="76" packages="1" files="3" classes="3"/>
    <file name="args.js" path="/Users/mikitausaty/nikitaUsaty-Ciphering-CLI-Tool/bin/args.js">
      <metrics statements="20" coveredstatements="20" conditionals="8" coveredconditionals="7" methods="4" coveredmethods="4"/>
      <line num="1" count="1" type="stmt"/>
      <line num="3" count="1" type="stmt"/>
      <line num="4" count="1" type="stmt"/>
      <line num="7" count="3" type="stmt"/>
      <line num="8" count="7" type="stmt"/>
      <line num="9" count="15" type="stmt"/>
      <line num="11" count="15" type="cond" truecount="2" falsecount="0"/>
      <line num="13" count="7" type="cond" truecount="2" falsecount="0"/>
      <line num="14" count="5" type="stmt"/>
      <line num="15" count="5" type="cond" truecount="2" falsecount="0"/>
      <line num="16" count="3" type="stmt"/>
      <line num="19" count="2" type="stmt"/>
      <line num="23" count="1" type="stmt"/>
      <line num="24" count="3" type="stmt"/>
      <line num="26" count="3" type="stmt"/>
      <line num="29" count="1" type="stmt"/>
      <line num="33" count="2" type="cond" truecount="1" falsecount="1"/>
      <line num="34" count="2" type="stmt"/>
      <line num="35" count="2" type="stmt"/>
      <line num="39" count="1" type="stmt"/>
    </file>
    <file name="cipher.js" path="/Users/mikitausaty/nikitaUsaty-Ciphering-CLI-Tool/bin/cipher.js">
      <metrics statements="44" coveredstatements="44" conditionals="36" coveredconditionals="35" methods="2" coveredmethods="2"/>
      <line num="2" count="24" type="stmt"/>
      <line num="6" count="24" type="cond" truecount="4" falsecount="0"/>
      <line num="7" count="18" type="cond" truecount="2" falsecount="0"/>
      <line num="8" count="18" type="cond" truecount="2" falsecount="0"/>
      <line num="10" count="18" type="stmt"/>
      <line num="11" count="18" type="stmt"/>
      <line num="12" count="18" type="stmt"/>
      <line num="13" count="18" type="stmt"/>
      <line num="15" count="738" type="cond" truecount="4" falsecount="0"/>
      <line num="16" count="198" type="stmt"/>
      <line num="18" count="540" type="cond" truecount="2" falsecount="0"/>
      <line num="19" count="300" type="stmt"/>
      <line num="20" count="300" type="stmt"/>
      <line num="21" count="300" type="stmt"/>
      <line num="22" count="300" type="stmt"/>
      <line num="24" count="300" type="cond" truecount="2" falsecount="0"/>
      <line num="25" count="240" type="cond" truecount="1" falsecount="1"/>
      <line num="26" count="240" type="stmt"/>
      <line num="28" count="240" type="cond" truecount="2" falsecount="0"/>
      <line num="30" count="240" type="stmt"/>
      <line num="32" count="240" type="stmt"/>
      <line num="34" count="240" type="cond" truecount="2" falsecount="0"/>
      <line num="36" count="240" type="stmt"/>
      <line num="38" count="240" type="cond" truecount="2" falsecount="0"/>
      <line num="44" count="24" type="cond" truecount="2" falsecount="0"/>
      <line num="45" count="6" type="stmt"/>
      <line num="46" count="6" type="stmt"/>
      <line num="47" count="6" type="stmt"/>
      <line num="50" count="6" type="stmt"/>
      <line num="51" count="246" type="stmt"/>
      <line num="53" count="246" type="cond" truecount="4" falsecount="0"/>
      <line num="54" count="168" type="stmt"/>
      <line num="55" count="168" type="stmt"/>
      <line num="58" count="78" type="cond" truecount="4" falsecount="0"/>
      <line num="59" count="12" type="stmt"/>
      <line num="60" count="12" type="stmt"/>
      <line num="63" count="66" type="stmt"/>
      <line num="66" count="6" type="stmt"/>
      <line num="69" count="24" type="stmt"/>
      <line num="70" count="24" type="stmt"/>
      <line num="72" count="24" type="cond" truecount="2" falsecount="0"/>
      <line num="73" count="3" type="stmt"/>
      <line num="75" count="21" type="stmt"/>
      <line num="79" count="1" type="stmt"/>
    </file>
    <file name="configValidation.js" path="/Users/mikitausaty/nikitaUsaty-Ciphering-CLI-Tool/bin/configValidation.js">
      <metrics statements="12" coveredstatements="12" conditionals="8" coveredconditionals="7" methods="4" coveredmethods="4"/>
      <line num="2" count="2" type="cond" truecount="2" falsecount="0"/>
      <line num="3" count="1" type="stmt"/>
      <line num="4" count="1" type="stmt"/>
      <line num="9" count="2" type="stmt"/>
      <line num="10" count="2" type="stmt"/>
      <line num="14" count="3" type="stmt"/>
      <line num="15" count="3" type="cond" truecount="1" falsecount="1"/>
      <line num="19" count="3" type="stmt"/>
      <line num="20" count="3" type="stmt"/>
      <line num="21" count="3" type="cond" truecount="2" falsecount="0"/>
      <line num="22" count="3" type="cond" truecount="2" falsecount="0"/>
      <line num="25" count="1" type="stmt"/>
    </file>
  </project>
</coverage>
