<?xml version="1.0" encoding="UTF-8"?>
<coverage generated="1637415600723" clover="3.2.0">
  <project timestamp="1637415600723" name="All files">
    <metrics statements="48" coveredstatements="48" conditionals="38" coveredconditionals="37" methods="3" coveredmethods="3" elements="89" coveredelements="88" complexity="0" loc="48" ncloc="48" packages="1" files="2" classes="2"/>
    <file name="cipher.js" path="/Users/mikitausaty/nikitaUsaty-Ciphering-CLI-Tool/bin/cipher.js">
      <metrics statements="44" coveredstatements="44" conditionals="36" coveredconditionals="35" methods="2" coveredmethods="2"/>
      <line num="2" count="24" type="stmt"/>
      <line num="6" count="24" type="cond" truecount="4" falsecount="0"/>
      <line num="7" count="18" type="cond" truecount="2" falsecount="0"/>
      <line num="8" count="18" type="cond" truecount="2" falsecount="0"/>
      <line num="10" count="18" type="stmt"/>
      <line num="11" count="18" type="stmt"/>
      <line num="12" count="18" type="stmt"/>
      <line num="13" count="18" type="stmt"/>
      <line num="15" count="738" type="cond" truecount="4" falsecount="0"/>
      <line num="16" count="198" type="stmt"/>
      <line num="18" count="540" type="cond" truecount="2" falsecount="0"/>
      <line num="19" count="300" type="stmt"/>
      <line num="20" count="300" type="stmt"/>
      <line num="21" count="300" type="stmt"/>
      <line num="22" count="300" type="stmt"/>
      <line num="24" count="300" type="cond" truecount="2" falsecount="0"/>
      <line num="25" count="240" type="cond" truecount="1" falsecount="1"/>
      <line num="26" count="240" type="stmt"/>
      <line num="28" count="240" type="cond" truecount="2" falsecount="0"/>
      <line num="30" count="240" type="stmt"/>
      <line num="32" count="240" type="stmt"/>
      <line num="34" count="240" type="cond" truecount="2" falsecount="0"/>
      <line num="36" count="240" type="stmt"/>
      <line num="38" count="240" type="cond" truecount="2" falsecount="0"/>
      <line num="44" count="24" type="cond" truecount="2" falsecount="0"/>
      <line num="45" count="6" type="stmt"/>
      <line num="46" count="6" type="stmt"/>
      <line num="47" count="6" type="stmt"/>
      <line num="50" count="6" type="stmt"/>
      <line num="51" count="246" type="stmt"/>
      <line num="53" count="246" type="cond" truecount="4" falsecount="0"/>
      <line num="54" count="168" type="stmt"/>
      <line num="55" count="168" type="stmt"/>
      <line num="58" count="78" type="cond" truecount="4" falsecount="0"/>
      <line num="59" count="12" type="stmt"/>
      <line num="60" count="12" type="stmt"/>
      <line num="63" count="66" type="stmt"/>
      <line num="66" count="6" type="stmt"/>
      <line num="69" count="24" type="stmt"/>
      <line num="70" count="24" type="stmt"/>
      <line num="72" count="24" type="cond" truecount="2" falsecount="0"/>
      <line num="73" count="3" type="stmt"/>
      <line num="75" count="21" type="stmt"/>
      <line num="79" count="1" type="stmt"/>
    </file>
    <file name="configValidation.js" path="/Users/mikitausaty/nikitaUsaty-Ciphering-CLI-Tool/bin/configValidation.js">
      <metrics statements="4" coveredstatements="4" conditionals="2" coveredconditionals="2" methods="1" coveredmethods="1"/>
      <line num="2" count="2" type="cond" truecount="2" falsecount="0"/>
      <line num="3" count="1" type="stmt"/>
      <line num="4" count="1" type="stmt"/>
      <line num="8" count="1" type="stmt"/>
    </file>
  </project>
</coverage>
