{"/Users/mikitausaty/nikitaUsaty-Ciphering-CLI-Tool/bin/args.js": {"path":"/Users/mikitausaty/nikitaUsaty-Ciphering-CLI-Tool/bin/args.js","statementMap":{"0":{"start":{"line":1,"column":18},"end":{"line":1,"column":62}},"1":{"start":{"line":3,"column":19},"end":{"line":3,"column":21}},"2":{"start":{"line":4,"column":12},"end":{"line":4,"column":21}},"3":{"start":{"line":7,"column":2},"end":{"line":21,"column":3}},"4":{"start":{"line":7,"column":15},"end":{"line":7,"column":16}},"5":{"start":{"line":8,"column":25},"end":{"line":12,"column":6}},"6":{"start":{"line":9,"column":27},"end":{"line":9,"column":42}},"7":{"start":{"line":11,"column":6},"end":{"line":11,"column":71}},"8":{"start":{"line":13,"column":4},"end":{"line":20,"column":5}},"9":{"start":{"line":14,"column":24},"end":{"line":14,"column":47}},"10":{"start":{"line":15,"column":6},"end":{"line":17,"column":7}},"11":{"start":{"line":16,"column":8},"end":{"line":16,"column":39}},"12":{"start":{"line":19,"column":6},"end":{"line":19,"column":59}},"13":{"start":{"line":23,"column":2},"end":{"line":27,"column":4}},"14":{"start":{"line":24,"column":20},"end":{"line":24,"column":46}},"15":{"start":{"line":26,"column":4},"end":{"line":26,"column":31}},"16":{"start":{"line":29,"column":2},"end":{"line":29,"column":19}},"17":{"start":{"line":33,"column":2},"end":{"line":36,"column":3}},"18":{"start":{"line":34,"column":4},"end":{"line":34,"column":44}},"19":{"start":{"line":35,"column":4},"end":{"line":35,"column":19}},"20":{"start":{"line":39,"column":0},"end":{"line":39,"column":25}}},"fnMap":{"0":{"name":"readArgs","decl":{"start":{"line":6,"column":9},"end":{"line":6,"column":17}},"loc":{"start":{"line":6,"column":24},"end":{"line":30,"column":1}},"line":6},"1":{"name":"(anonymous_1)","decl":{"start":{"line":8,"column":45},"end":{"line":8,"column":46}},"loc":{"start":{"line":8,"column":55},"end":{"line":12,"column":5}},"line":8},"2":{"name":"(anonymous_2)","decl":{"start":{"line":23,"column":14},"end":{"line":23,"column":15}},"loc":{"start":{"line":23,"column":36},"end":{"line":27,"column":3}},"line":23},"3":{"name":"errorsHandler","decl":{"start":{"line":32,"column":9},"end":{"line":32,"column":22}},"loc":{"start":{"line":32,"column":28},"end":{"line":37,"column":1}},"line":32}},"branchMap":{"0":{"loc":{"start":{"line":11,"column":13},"end":{"line":11,"column":71}},"type":"binary-expr","locations":[{"start":{"line":11,"column":13},"end":{"line":11,"column":40}},{"start":{"line":11,"column":44},"end":{"line":11,"column":71}}],"line":11},"1":{"loc":{"start":{"line":13,"column":4},"end":{"line":20,"column":5}},"type":"if","locations":[{"start":{"line":13,"column":4},"end":{"line":20,"column":5}},{"start":{"line":18,"column":11},"end":{"line":20,"column":5}}],"line":13},"2":{"loc":{"start":{"line":15,"column":6},"end":{"line":17,"column":7}},"type":"if","locations":[{"start":{"line":15,"column":6},"end":{"line":17,"column":7}},{"start":{},"end":{}}],"line":15},"3":{"loc":{"start":{"line":33,"column":2},"end":{"line":36,"column":3}},"type":"if","locations":[{"start":{"line":33,"column":2},"end":{"line":36,"column":3}},{"start":{},"end":{}}],"line":33}},"s":{"0":1,"1":1,"2":1,"3":3,"4":3,"5":7,"6":15,"7":15,"8":7,"9":5,"10":5,"11":3,"12":2,"13":1,"14":3,"15":3,"16":1,"17":2,"18":2,"19":2,"20":1},"f":{"0":3,"1":15,"2":3,"3":2},"b":{"0":[15,10],"1":[5,2],"2":[3,2],"3":[2,0]},"_coverageSchema":"1a1c01bbd47fc00a2c39e90264f33305004495a9","hash":"cd282c09944f5519263c888ddccebb7c56fdd09c"}
,"/Users/mikitausaty/nikitaUsaty-Ciphering-CLI-Tool/bin/cipher.js": {"path":"/Users/mikitausaty/nikitaUsaty-Ciphering-CLI-Tool/bin/cipher.js","statementMap":{"0":{"start":{"line":2,"column":15},"end":{"line":2,"column":17}},"1":{"start":{"line":6,"column":2},"end":{"line":42,"column":3}},"2":{"start":{"line":7,"column":4},"end":{"line":7,"column":53}},"3":{"start":{"line":8,"column":4},"end":{"line":8,"column":54}},"4":{"start":{"line":10,"column":18},"end":{"line":10,"column":46}},"5":{"start":{"line":11,"column":17},"end":{"line":11,"column":67}},"6":{"start":{"line":12,"column":17},"end":{"line":12,"column":67}},"7":{"start":{"line":13,"column":4},"end":{"line":41,"column":15}},"8":{"start":{"line":15,"column":8},"end":{"line":17,"column":9}},"9":{"start":{"line":16,"column":10},"end":{"line":16,"column":20}},"10":{"start":{"line":18,"column":8},"end":{"line":39,"column":9}},"11":{"start":{"line":19,"column":27},"end":{"line":19,"column":87}},"12":{"start":{"line":20,"column":27},"end":{"line":20,"column":43}},"13":{"start":{"line":21,"column":27},"end":{"line":21,"column":87}},"14":{"start":{"line":22,"column":27},"end":{"line":22,"column":43}},"15":{"start":{"line":24,"column":10},"end":{"line":24,"column":65}},"16":{"start":{"line":25,"column":15},"end":{"line":39,"column":9}},"17":{"start":{"line":26,"column":10},"end":{"line":26,"column":81}},"18":{"start":{"line":28,"column":10},"end":{"line":28,"column":72}},"19":{"start":{"line":30,"column":27},"end":{"line":30,"column":43}},"20":{"start":{"line":32,"column":25},"end":{"line":32,"column":85}},"21":{"start":{"line":34,"column":10},"end":{"line":34,"column":72}},"22":{"start":{"line":36,"column":27},"end":{"line":36,"column":43}},"23":{"start":{"line":38,"column":10},"end":{"line":38,"column":65}},"24":{"start":{"line":44,"column":2},"end":{"line":67,"column":3}},"25":{"start":{"line":45,"column":18},"end":{"line":45,"column":20}},"26":{"start":{"line":46,"column":14},"end":{"line":46,"column":24}},"27":{"start":{"line":47,"column":12},"end":{"line":47,"column":14}},"28":{"start":{"line":50,"column":4},"end":{"line":64,"column":5}},"29":{"start":{"line":51,"column":6},"end":{"line":51,"column":31}},"30":{"start":{"line":53,"column":6},"end":{"line":56,"column":7}},"31":{"start":{"line":54,"column":8},"end":{"line":54,"column":76}},"32":{"start":{"line":55,"column":8},"end":{"line":55,"column":16}},"33":{"start":{"line":58,"column":6},"end":{"line":61,"column":7}},"34":{"start":{"line":59,"column":8},"end":{"line":59,"column":75}},"35":{"start":{"line":60,"column":8},"end":{"line":60,"column":16}},"36":{"start":{"line":63,"column":6},"end":{"line":63,"column":23}},"37":{"start":{"line":66,"column":4},"end":{"line":66,"column":21}},"38":{"start":{"line":69,"column":2},"end":{"line":69,"column":34}},"39":{"start":{"line":70,"column":2},"end":{"line":70,"column":14}},"40":{"start":{"line":72,"column":2},"end":{"line":76,"column":3}},"41":{"start":{"line":73,"column":4},"end":{"line":73,"column":17}},"42":{"start":{"line":75,"column":4},"end":{"line":75,"column":37}},"43":{"start":{"line":79,"column":0},"end":{"line":79,"column":23}}},"fnMap":{"0":{"name":"cipher","decl":{"start":{"line":1,"column":9},"end":{"line":1,"column":15}},"loc":{"start":{"line":1,"column":33},"end":{"line":77,"column":1}},"line":1},"1":{"name":"(anonymous_1)","decl":{"start":{"line":14,"column":11},"end":{"line":14,"column":12}},"loc":{"start":{"line":14,"column":20},"end":{"line":40,"column":7}},"line":14}},"branchMap":{"0":{"loc":{"start":{"line":6,"column":2},"end":{"line":42,"column":3}},"type":"if","locations":[{"start":{"line":6,"column":2},"end":{"line":42,"column":3}},{"start":{},"end":{}}],"line":6},"1":{"loc":{"start":{"line":6,"column":6},"end":{"line":6,"column":76}},"type":"binary-expr","locations":[{"start":{"line":6,"column":6},"end":{"line":6,"column":39}},{"start":{"line":6,"column":43},"end":{"line":6,"column":76}}],"line":6},"2":{"loc":{"start":{"line":7,"column":12},"end":{"line":7,"column":53}},"type":"cond-expr","locations":[{"start":{"line":7,"column":48},"end":{"line":7,"column":49}},{"start":{"line":7,"column":52},"end":{"line":7,"column":53}}],"line":7},"3":{"loc":{"start":{"line":8,"column":13},"end":{"line":8,"column":54}},"type":"cond-expr","locations":[{"start":{"line":8,"column":49},"end":{"line":8,"column":50}},{"start":{"line":8,"column":53},"end":{"line":8,"column":54}}],"line":8},"4":{"loc":{"start":{"line":15,"column":8},"end":{"line":17,"column":9}},"type":"if","locations":[{"start":{"line":15,"column":8},"end":{"line":17,"column":9}},{"start":{},"end":{}}],"line":15},"5":{"loc":{"start":{"line":15,"column":12},"end":{"line":15,"column":96}},"type":"binary-expr","locations":[{"start":{"line":15,"column":12},"end":{"line":15,"column":52}},{"start":{"line":15,"column":56},"end":{"line":15,"column":96}}],"line":15},"6":{"loc":{"start":{"line":18,"column":8},"end":{"line":39,"column":9}},"type":"if","locations":[{"start":{"line":18,"column":8},"end":{"line":39,"column":9}},{"start":{"line":25,"column":15},"end":{"line":39,"column":9}}],"line":18},"7":{"loc":{"start":{"line":24,"column":17},"end":{"line":24,"column":65}},"type":"cond-expr","locations":[{"start":{"line":24,"column":46},"end":{"line":24,"column":54}},{"start":{"line":24,"column":57},"end":{"line":24,"column":65}}],"line":24},"8":{"loc":{"start":{"line":25,"column":15},"end":{"line":39,"column":9}},"type":"if","locations":[{"start":{"line":25,"column":15},"end":{"line":39,"column":9}},{"start":{},"end":{}}],"line":25},"9":{"loc":{"start":{"line":28,"column":21},"end":{"line":28,"column":72}},"type":"cond-expr","locations":[{"start":{"line":28,"column":36},"end":{"line":28,"column":61}},{"start":{"line":28,"column":64},"end":{"line":28,"column":72}}],"line":28},"10":{"loc":{"start":{"line":34,"column":21},"end":{"line":34,"column":72}},"type":"cond-expr","locations":[{"start":{"line":34,"column":36},"end":{"line":34,"column":61}},{"start":{"line":34,"column":64},"end":{"line":34,"column":72}}],"line":34},"11":{"loc":{"start":{"line":38,"column":17},"end":{"line":38,"column":65}},"type":"cond-expr","locations":[{"start":{"line":38,"column":46},"end":{"line":38,"column":54}},{"start":{"line":38,"column":57},"end":{"line":38,"column":65}}],"line":38},"12":{"loc":{"start":{"line":44,"column":2},"end":{"line":67,"column":3}},"type":"if","locations":[{"start":{"line":44,"column":2},"end":{"line":67,"column":3}},{"start":{},"end":{}}],"line":44},"13":{"loc":{"start":{"line":53,"column":6},"end":{"line":56,"column":7}},"type":"if","locations":[{"start":{"line":53,"column":6},"end":{"line":56,"column":7}},{"start":{},"end":{}}],"line":53},"14":{"loc":{"start":{"line":53,"column":10},"end":{"line":53,"column":37}},"type":"binary-expr","locations":[{"start":{"line":53,"column":10},"end":{"line":53,"column":21}},{"start":{"line":53,"column":25},"end":{"line":53,"column":37}}],"line":53},"15":{"loc":{"start":{"line":58,"column":6},"end":{"line":61,"column":7}},"type":"if","locations":[{"start":{"line":58,"column":6},"end":{"line":61,"column":7}},{"start":{},"end":{}}],"line":58},"16":{"loc":{"start":{"line":58,"column":10},"end":{"line":58,"column":36}},"type":"binary-expr","locations":[{"start":{"line":58,"column":10},"end":{"line":58,"column":21}},{"start":{"line":58,"column":25},"end":{"line":58,"column":36}}],"line":58},"17":{"loc":{"start":{"line":72,"column":2},"end":{"line":76,"column":3}},"type":"if","locations":[{"start":{"line":72,"column":2},"end":{"line":76,"column":3}},{"start":{"line":74,"column":9},"end":{"line":76,"column":3}}],"line":72}},"s":{"0":24,"1":24,"2":18,"3":18,"4":18,"5":18,"6":18,"7":18,"8":738,"9":198,"10":540,"11":300,"12":300,"13":300,"14":300,"15":300,"16":240,"17":240,"18":240,"19":240,"20":240,"21":240,"22":240,"23":240,"24":24,"25":6,"26":6,"27":6,"28":6,"29":246,"30":246,"31":168,"32":168,"33":78,"34":12,"35":12,"36":66,"37":6,"38":24,"39":24,"40":24,"41":3,"42":21,"43":1},"f":{"0":24,"1":738},"b":{"0":[18,6],"1":[24,15],"2":[9,9],"3":[10,8],"4":[198,540],"5":[738,540],"6":[300,240],"7":[280,20],"8":[240,0],"9":[58,182],"10":[58,182],"11":[224,16],"12":[6,18],"13":[168,78],"14":[246,168],"15":[12,66],"16":[78,18],"17":[3,21]},"_coverageSchema":"1a1c01bbd47fc00a2c39e90264f33305004495a9","hash":"a2e0398ed026b43b0ea34e61658cbcf6d92816cb"}
,"/Users/mikitausaty/nikitaUsaty-Ciphering-CLI-Tool/bin/configValidation.js": {"path":"/Users/mikitausaty/nikitaUsaty-Ciphering-CLI-Tool/bin/configValidation.js","statementMap":{"0":{"start":{"line":2,"column":2},"end":{"line":5,"column":3}},"1":{"start":{"line":3,"column":4},"end":{"line":3,"column":77}},"2":{"start":{"line":4,"column":4},"end":{"line":4,"column":19}},"3":{"start":{"line":9,"column":2},"end":{"line":9,"column":90}},"4":{"start":{"line":10,"column":2},"end":{"line":10,"column":17}},"5":{"start":{"line":14,"column":19},"end":{"line":14,"column":43}},"6":{"start":{"line":15,"column":2},"end":{"line":15,"column":59}},"7":{"start":{"line":19,"column":17},"end":{"line":19,"column":61}},"8":{"start":{"line":20,"column":19},"end":{"line":20,"column":21}},"9":{"start":{"line":21,"column":2},"end":{"line":21,"column":104}},"10":{"start":{"line":22,"column":2},"end":{"line":22,"column":67}},"11":{"start":{"line":22,"column":53},"end":{"line":22,"column":67}},"12":{"start":{"line":25,"column":0},"end":{"line":25,"column":62}}},"fnMap":{"0":{"name":"configValidation","decl":{"start":{"line":1,"column":9},"end":{"line":1,"column":25}},"loc":{"start":{"line":1,"column":34},"end":{"line":6,"column":1}},"line":1},"1":{"name":"errorHandler","decl":{"start":{"line":8,"column":9},"end":{"line":8,"column":21}},"loc":{"start":{"line":8,"column":24},"end":{"line":11,"column":1}},"line":8},"2":{"name":"getArgs","decl":{"start":{"line":13,"column":9},"end":{"line":13,"column":16}},"loc":{"start":{"line":13,"column":35},"end":{"line":16,"column":1}},"line":13},"3":{"name":"validateArgumentsConfig","decl":{"start":{"line":18,"column":9},"end":{"line":18,"column":32}},"loc":{"start":{"line":18,"column":39},"end":{"line":23,"column":1}},"line":18}},"branchMap":{"0":{"loc":{"start":{"line":2,"column":2},"end":{"line":5,"column":3}},"type":"if","locations":[{"start":{"line":2,"column":2},"end":{"line":5,"column":3}},{"start":{},"end":{}}],"line":2},"1":{"loc":{"start":{"line":15,"column":9},"end":{"line":15,"column":59}},"type":"cond-expr","locations":[{"start":{"line":15,"column":27},"end":{"line":15,"column":52}},{"start":{"line":15,"column":55},"end":{"line":15,"column":59}}],"line":15},"2":{"loc":{"start":{"line":21,"column":2},"end":{"line":21,"column":104}},"type":"cond-expr","locations":[{"start":{"line":21,"column":30},"end":{"line":21,"column":61}},{"start":{"line":21,"column":66},"end":{"line":21,"column":103}}],"line":21},"3":{"loc":{"start":{"line":22,"column":2},"end":{"line":22,"column":67}},"type":"if","locations":[{"start":{"line":22,"column":2},"end":{"line":22,"column":67}},{"start":{},"end":{}}],"line":22}},"s":{"0":2,"1":1,"2":1,"3":2,"4":2,"5":3,"6":3,"7":3,"8":3,"9":3,"10":3,"11":2,"12":1},"f":{"0":2,"1":2,"2":3,"3":3},"b":{"0":[1,1],"1":[3,0],"2":[2,1],"3":[2,1]},"_coverageSchema":"1a1c01bbd47fc00a2c39e90264f33305004495a9","hash":"2f876d58bc0a9b7cd700f2a98800b7cab5408377"}
}
