TN:
SF:bin/args.js
FN:6,readArgs
FN:8,(anonymous_1)
FN:23,(anonymous_2)
FN:32,errorsHandler
FNF:4
FNH:4
FNDA:3,readArgs
FNDA:15,(anonymous_1)
FNDA:3,(anonymous_2)
FNDA:2,errorsHandler
DA:1,1
DA:3,1
DA:4,1
DA:7,3
DA:8,7
DA:9,15
DA:11,15
DA:13,7
DA:14,5
DA:15,5
DA:16,3
DA:19,2
DA:23,1
DA:24,3
DA:26,3
DA:29,1
DA:33,2
DA:34,2
DA:35,2
DA:39,1
LF:20
LH:20
BRDA:11,0,0,15
BRDA:11,0,1,10
BRDA:13,1,0,5
BRDA:13,1,1,2
BRDA:15,2,0,3
BRDA:15,2,1,2
BRDA:33,3,0,2
BRDA:33,3,1,0
BRF:8
BRH:7
end_of_record
TN:
SF:bin/cipher.js
FN:1,cipher
FN:14,(anonymous_1)
FNF:2
FNH:2
FNDA:24,cipher
FNDA:738,(anonymous_1)
DA:2,24
DA:6,24
DA:7,18
DA:8,18
DA:10,18
DA:11,18
DA:12,18
DA:13,18
DA:15,738
DA:16,198
DA:18,540
DA:19,300
DA:20,300
DA:21,300
DA:22,300
DA:24,300
DA:25,240
DA:26,240
DA:28,240
DA:30,240
DA:32,240
DA:34,240
DA:36,240
DA:38,240
DA:44,24
DA:45,6
DA:46,6
DA:47,6
DA:50,6
DA:51,246
DA:53,246
DA:54,168
DA:55,168
DA:58,78
DA:59,12
DA:60,12
DA:63,66
DA:66,6
DA:69,24
DA:70,24
DA:72,24
DA:73,3
DA:75,21
DA:79,1
LF:44
LH:44
BRDA:6,0,0,18
BRDA:6,0,1,6
BRDA:6,1,0,24
BRDA:6,1,1,15
BRDA:7,2,0,9
BRDA:7,2,1,9
BRDA:8,3,0,10
BRDA:8,3,1,8
BRDA:15,4,0,198
BRDA:15,4,1,540
BRDA:15,5,0,738
BRDA:15,5,1,540
BRDA:18,6,0,300
BRDA:18,6,1,240
BRDA:24,7,0,280
BRDA:24,7,1,20
BRDA:25,8,0,240
BRDA:25,8,1,0
BRDA:28,9,0,58
BRDA:28,9,1,182
BRDA:34,10,0,58
BRDA:34,10,1,182
BRDA:38,11,0,224
BRDA:38,11,1,16
BRDA:44,12,0,6
BRDA:44,12,1,18
BRDA:53,13,0,168
BRDA:53,13,1,78
BRDA:53,14,0,246
BRDA:53,14,1,168
BRDA:58,15,0,12
BRDA:58,15,1,66
BRDA:58,16,0,78
BRDA:58,16,1,18
BRDA:72,17,0,3
BRDA:72,17,1,21
BRF:36
BRH:35
end_of_record
TN:
SF:bin/configValidation.js
FN:1,configValidation
FN:8,errorHandler
FN:13,getArgs
FN:18,validateArgumentsConfig
FNF:4
FNH:4
FNDA:2,configValidation
FNDA:2,errorHandler
FNDA:3,getArgs
FNDA:3,validateArgumentsConfig
DA:2,2
DA:3,1
DA:4,1
DA:9,2
DA:10,2
DA:14,3
DA:15,3
DA:19,3
DA:20,3
DA:21,3
DA:22,3
DA:25,1
LF:12
LH:12
BRDA:2,0,0,1
BRDA:2,0,1,1
BRDA:15,1,0,3
BRDA:15,1,1,0
BRDA:21,2,0,2
BRDA:21,2,1,1
BRDA:22,3,0,2
BRDA:22,3,1,1
BRF:8
BRH:7
end_of_record
